<?xml version="1.0" encoding="utf-8"?><testsuites><testsuite name="pytest" errors="0" failures="0" skipped="0" tests="21" time="2.663" timestamp="2024-10-30T03:37:44.261759+01:00" hostname="xieshans-MBP"><testcase classname="tests.unit.routes.test_timer_routes" name="test_set_timer" time="0.054" /><testcase classname="tests.unit.routes.test_timer_routes" name="test_set_timer_invalid_request" time="0.004" /><testcase classname="tests.unit.routes.test_timer_routes" name="test_get_timer_succeed" time="0.005" /><testcase classname="tests.unit.routes.test_timer_routes" name="test_get_timer_not_found" time="0.004" /><testcase classname="tests.unit.routes.test_timer_routes" name="test_get_timer_expired" time="0.004" /><testcase classname="tests.unit.services.test_redis_timer_repository" name="test_get_timer" time="0.003" /><testcase classname="tests.unit.services.test_redis_timer_repository" name="test_get_timer_not_found" time="0.002" /><testcase classname="tests.unit.services.test_redis_timer_repository" name="test_create_timer" time="0.002" /><testcase classname="tests.unit.services.test_redis_timer_repository" name="test_create_timer_failed" time="0.002" /><testcase classname="tests.unit.services.test_redis_timer_repository" name="test_delete_timer" time="0.002" /><testcase classname="tests.unit.services.test_redis_timer_repository" name="test_delete_timer_not_found" time="0.002" /><testcase classname="tests.unit.services.test_redis_timer_repository" name="test_get_scheduled_task_id" time="0.001" /><testcase classname="tests.unit.services.test_redis_timer_repository" name="test_get_scheduled_task_id_not_found" time="0.001" /><testcase classname="tests.unit.services.test_timer_excuter" name="test_get_response_message" time="0.000" /><testcase classname="tests.unit.services.test_timer_excuter" name="test_timer_executor_start" time="0.002" /><testcase classname="tests.unit.services.test_timer_excuter" name="test_timer_executor_start_exception" time="0.002" /><testcase classname="tests.unit.services.test_timer_excuter" name="test_timer_executor_stop" time="0.002" /><testcase classname="tests.unit.services.test_timer_excuter" name="test_timer_executor_execute_task" time="0.005" /><testcase classname="tests.unit.services.test_timer_excuter" name="test_timer_executor_execute_task_exception" time="0.003" /><testcase classname="tests.unit.services.test_timer_excuter" name="test_timer_scheduler_start" time="2.107" /><testcase classname="tests.unit.test_main" name="test_healthcheck" time="0.010" /></testsuite></testsuites>