<?xml version="1.0" encoding="utf-8"?><testsuites><testsuite name="pytest" errors="0" failures="0" skipped="0" tests="13" time="10.705" timestamp="2024-10-08T02:43:27.258284+02:00" hostname="MBNL0182"><testcase classname="tests.unit.routes.test_timer_routes" name="test_set_timer" time="0.020" /><testcase classname="tests.unit.routes.test_timer_routes" name="test_set_timer_invalid_request" time="0.003" /><testcase classname="tests.unit.routes.test_timer_routes" name="test_get_timer_succeed" time="0.003" /><testcase classname="tests.unit.routes.test_timer_routes" name="test_get_timer_not_found" time="0.004" /><testcase classname="tests.unit.services.test_redis_timer_repository" name="test_get_timer" time="0.001" /><testcase classname="tests.unit.services.test_redis_timer_repository" name="test_get_timer_not_found" time="0.001" /><testcase classname="tests.unit.services.test_redis_timer_repository" name="test_create_timer" time="0.017" /><testcase classname="tests.unit.services.test_redis_timer_repository" name="test_purge_timers" time="0.001" /><testcase classname="tests.unit.services.test_timer_excuter" name="test_get_response_message" time="0.000" /><testcase classname="tests.unit.services.test_timer_excuter" name="test_timer_executor_create_task" time="10.009" /><testcase classname="tests.unit.services.test_timer_excuter" name="test_timer_executor_add_task" time="0.002" /><testcase classname="tests.unit.services.test_timer_excuter" name="test_timer_executor_purge_tasks" time="0.005" /><testcase classname="tests.unit.test_main" name="test_healthcheck" time="0.004" /></testsuite></testsuites>